<?xml version="1.0" encoding="UTF-8"?>
<!-- Generated by org.testng.reporters.JUnitReportReporter -->
<testsuite ignored="0" hostname="L-156085337" failures="0" tests="1" name="testcases.TestCase2" time="6.310" errors="0" timestamp="09 Dec 2018 21:53:07 GMT" skipped="0">
  <testcase classname="testcases.TestCase2" name="tc1" time="6.310"/>
</testsuite> <!-- testcases.TestCase2 -->
