<?xml version="1.0" encoding="UTF-8"?>
<!-- Generated by org.testng.reporters.JUnitReportReporter -->
<testsuite ignored="0" hostname="L-156085337" failures="0" tests="1" name="testcases.TestCase3" time="8.359" errors="0" timestamp="09 Dec 2018 21:53:07 GMT" skipped="0">
  <testcase classname="testcases.TestCase3" name="tc1" time="8.359"/>
</testsuite> <!-- testcases.TestCase3 -->
